<?xml version="1.0" encoding="UTF-8"?>
<!-- Generated by org.testng.reporters.JUnitXMLReporter -->
<testsuite hostname="DESKTOP-0705QLA" ignored="0" name="GO Rest regresstion test" tests="13" failures="0" timestamp="26 Oct 2019 00:41:46 GMT" time="13.315" errors="0">
  <testcase name="createuserlistAPItest" time="3.454" classname="com.qa.gorest.tests.CreateUserAPITest"/>
  <testcase name="getuserlistAPItest" time="4.471" classname="com.qa.gorest.tests.GetuserAPItest"/>
  <testcase name="deleteuserlistAPItest" time="5.63" classname="com.qa.gorest.tests.DeleteuserAPItest"/>
  <testcase name="createuserlistAPItestusingDataprovider" time="1.116" classname="com.qa.gorest.tests.CreateUserAPITest"/>
  <testcase name="updateuserlistAPItest" time="2.654" classname="com.qa.gorest.tests.UpdateUserAPItest"/>
  <testcase name="createuserlistAPItestusingDataprovider" time="1.113" classname="com.qa.gorest.tests.CreateUserAPITest"/>
  <testcase name="deleteuserlistAPItest_usingsetter" time="2.3" classname="com.qa.gorest.tests.DeleteuserAPItest"/>
  <testcase name="createuserlistAPItestusingDataprovider" time="1.084" classname="com.qa.gorest.tests.CreateUserAPITest"/>
  <testcase name="updateuserlistAPItest_withsetter" time="2.198" classname="com.qa.gorest.tests.UpdateUserAPItest"/>
  <testcase name="createuserlistAPItestusingDataprovider" time="1.123" classname="com.qa.gorest.tests.CreateUserAPITest"/>
  <testcase name="createuserlistAPItestusingDataprovider" time="1.071" classname="com.qa.gorest.tests.CreateUserAPITest"/>
  <testcase name="createuserlistAPItestusingDataprovider" time="1.095" classname="com.qa.gorest.tests.CreateUserAPITest"/>
  <testcase name="createuserlistAPItestusingDataprovider" time="1.087" classname="com.qa.gorest.tests.CreateUserAPITest"/>
</testsuite> <!-- GO Rest regresstion test -->
